<?xml version="1.0" encoding="UTF-8"?>
<!-- Generated by org.testng.reporters.JUnitReportReporter -->
<testsuite skipped="0" hostname="LAPTOP-2UEFUCRO" name="test.LoginTest" tests="1" failures="0" timestamp="2021-03-09T19:27:31 CST" time="10.882" errors="0">
  <testcase name="validUserShouldBeAbleToLogin" time="10.882" classname="test.LoginTest"/>
  <system-out/>
</testsuite> <!-- test.LoginTest -->
